<?xml version="1.0" encoding="utf-8" standalone="no"?>
<!--This file represents the results of running a test suite-->
<test-results name="C:\exercism\Exercisms\Bob.Test\bin\Debug\Bob.Test.dll" total="17" errors="0" failures="0" not-run="0" inconclusive="0" ignored="0" skipped="0" invalid="0" date="2014-10-23" time="13:17:39">
  <environment nunit-version="2.6.3.13283" clr-version="2.0.50727.5485" os-version="Microsoft Windows NT 6.1.7601 Service Pack 1" platform="Win32NT" cwd="C:\Program Files (x86)\NUnit 2.6.3\bin" machine-name="ATL22DDE072116" user="DDE0108" user-domain="CORPORATE" />
  <culture-info current-culture="en-US" current-uiculture="en-US" />
  <test-suite type="Assembly" name="C:\exercism\Exercisms\Bob.Test\bin\Debug\Bob.Test.dll" executed="True" result="Success" success="True" time="0.116" asserts="0">
    <results>
      <test-suite type="Namespace" name="Bob" executed="True" result="Success" success="True" time="0.100" asserts="0">
        <results>
          <test-suite type="Namespace" name="Test" executed="True" result="Success" success="True" time="0.100" asserts="0">
            <results>
              <test-suite type="TestFixture" name="BobTest" executed="True" result="Success" success="True" time="0.098" asserts="0">
                <results>
                  <test-case name="Bob.Test.BobTest.Asking_a_numeric_question" executed="True" result="Success" success="True" time="0.056" asserts="1" />
                  <test-case name="Bob.Test.BobTest.Asking_a_question" executed="True" result="Success" success="True" time="0.000" asserts="1" />
                  <test-case name="Bob.Test.BobTest.Forceful_questions" executed="True" result="Success" success="True" time="0.000" asserts="1" />
                  <test-case name="Bob.Test.BobTest.Multiple_line_question" executed="True" result="Success" success="True" time="0.000" asserts="1" />
                  <test-case name="Bob.Test.BobTest.Only_numbers" executed="True" result="Success" success="True" time="0.000" asserts="1" />
                  <test-case name="Bob.Test.BobTest.Prattling_on" executed="True" result="Success" success="True" time="0.000" asserts="1" />
                  <test-case name="Bob.Test.BobTest.Prolonged_silence" executed="True" result="Success" success="True" time="0.000" asserts="1" />
                  <test-case name="Bob.Test.BobTest.Question_with_only_numbers" executed="True" result="Success" success="True" time="0.000" asserts="1" />
                  <test-case name="Bob.Test.BobTest.Shouting" executed="True" result="Success" success="True" time="0.000" asserts="1" />
                  <test-case name="Bob.Test.BobTest.Shouting_numbers" executed="True" result="Success" success="True" time="0.000" asserts="1" />
                  <test-case name="Bob.Test.BobTest.Shouting_with_no_exclamation_mark" executed="True" result="Success" success="True" time="0.000" asserts="1" />
                  <test-case name="Bob.Test.BobTest.Shouting_with_special_characters" executed="True" result="Success" success="True" time="0.000" asserts="1" />
                  <test-case name="Bob.Test.BobTest.Silence" executed="True" result="Success" success="True" time="0.000" asserts="1" />
                  <test-case name="Bob.Test.BobTest.Statement_containing_question_mark" executed="True" result="Success" success="True" time="0.000" asserts="1" />
                  <test-case name="Bob.Test.BobTest.Stating_something" executed="True" result="Success" success="True" time="0.000" asserts="1" />
                  <test-case name="Bob.Test.BobTest.Talking_forcefully" executed="True" result="Success" success="True" time="0.000" asserts="1" />
                  <test-case name="Bob.Test.BobTest.Using_acronyms_in_regular_search" executed="True" result="Success" success="True" time="0.000" asserts="1" />
                </results>
              </test-suite>
            </results>
          </test-suite>
        </results>
      </test-suite>
    </results>
  </test-suite>
</test-results>